<?xml version="1.0" encoding="UTF-8"?>
<testsuite name="Search in Google with data from feature" tests="3" skipped="0" failures="0" errors="0" timestamp="2019-04-01T21:51:23" hostname="LAPTOP-L2D6D9IH" time="20.219">
  <properties/>
  <testcase name="Search in google" classname="Search in Google with data from feature" time="8.521"/>
  <testcase name="Search in google" classname="Search in Google with data from feature" time="6.195"/>
  <testcase name="Search in google" classname="Search in Google with data from feature" time="5.49"/>
  <system-out><![CDATA[






































]]></system-out>
  <system-err><![CDATA[Started InternetExplorerDriver server (32-bit)
3.9.0.0
Listening on port 13281
Only local connections are allowed
abr 01, 2019 4:51:26 PM org.openqa.selenium.remote.ProtocolHandshake createSession
INFORMACIÓN: Detected dialect: W3C
abr 01, 2019 4:51:33 PM org.openqa.selenium.remote.ProtocolHandshake createSession
INFORMACIÓN: Detected dialect: W3C
abr 01, 2019 4:51:39 PM org.openqa.selenium.remote.ProtocolHandshake createSession
INFORMACIÓN: Detected dialect: W3C
]]></system-err>
</testsuite>
