<?xml version="1.0" encoding="UTF-8"?>
<testsuite name="Service Rest delete" tests="1" skipped="0" failures="0" errors="0" timestamp="2019-12-27T21:53:38" hostname="QVT1MDEWIN8" time="6.371">
  <properties/>
  <testcase name="delete user example" classname="Service Rest delete" time="6.371"/>
  <system-out><![CDATA[]]></system-out>
  <system-err><![CDATA[[Test worker] INFO net.thucydides.core.steps.ConsoleLoggingListener - 
        __    _____ _____ ____ _____   ____   _    ____  ____  _____ ____  
  _     \ \  |_   _| ____/ ___|_   _| |  _ \ / \  / ___|/ ___|| ____|  _ \ 
 (_)_____| |   | | |  _| \___ \ | |   | |_) / _ \ \___ \\___ \|  _| | | | |
  _|_____| |   | | | |___ ___) || |   |  __/ ___ \ ___) |___) | |___| |_| |
 (_)     | |   |_| |_____|____/ |_|   |_| /_/   \_\____/|____/|_____|____/ 
        /_/                                                                

TEST PASSED: delete user example
----------------------------------------------------------------------------
]]></system-err>
</testsuite>
