<?xml version="1.0" encoding="UTF-8"?>
<testsuite name="Search in Google with data from feature" tests="3" skipped="0" failures="0" errors="0" timestamp="2019-04-02T23:38:26" hostname="LAPTOP-L2D6D9IH" time="30.022">
  <properties/>
  <testcase name="Search in google" classname="Search in Google with data from feature" time="11.73"/>
  <testcase name="Search in google" classname="Search in Google with data from feature" time="9.058"/>
  <testcase name="Search in google" classname="Search in Google with data from feature" time="9.23"/>
  <system-out><![CDATA[












































]]></system-out>
  <system-err><![CDATA[abr 02, 2019 6:38:27 PM org.openqa.selenium.remote.DesiredCapabilities chrome
INFORMACIÓN: Using `new ChromeOptions()` is preferred to `DesiredCapabilities.chrome()`
Starting ChromeDriver 73.0.3683.68 (47787ec04b6e38e22703e856e101e840b65afe72) on port 9635
Only local connections are allowed.
Please protect ports used by ChromeDriver and related test frameworks to prevent access by malicious code.
abr 02, 2019 6:38:30 PM org.openqa.selenium.remote.ProtocolHandshake createSession
INFORMACIÓN: Detected dialect: OSS
abr 02, 2019 6:38:38 PM org.openqa.selenium.remote.DesiredCapabilities chrome
INFORMACIÓN: Using `new ChromeOptions()` is preferred to `DesiredCapabilities.chrome()`
abr 02, 2019 6:38:40 PM org.openqa.selenium.remote.ProtocolHandshake createSession
INFORMACIÓN: Detected dialect: OSS
abr 02, 2019 6:38:47 PM org.openqa.selenium.remote.DesiredCapabilities chrome
INFORMACIÓN: Using `new ChromeOptions()` is preferred to `DesiredCapabilities.chrome()`
abr 02, 2019 6:38:49 PM org.openqa.selenium.remote.ProtocolHandshake createSession
INFORMACIÓN: Detected dialect: OSS
]]></system-err>
</testsuite>
